<?xml version="1.0" encoding="UTF-8"?>
<!-- Generated by org.testng.reporters.JUnitReportReporter -->
<testsuite hostname="QT-INNO-LT0982" failures="0" tests="3" name="youtubeYT.tests.SearchPage_YT" time="9.988" errors="0" timestamp="2023-01-31T18:23:09 IST" skipped="1">
  <testcase classname="youtubeYT.tests.SearchPage_YT" name="Test12_Verfiy_Search_bar_is_working" time="0.195">
    <skipped/>
  </testcase> <!-- Test12_Verfiy_Search_bar_is_working -->
  <system-out/>
  <testcase classname="youtubeYT.tests.SearchPage_YT" name="Test11_Launch_application" time="9.531"/>
  <system-out/>
  <testcase classname="youtubeYT.tests.SearchPage_YT" name="Test12_Verfiy_Search_bar_is_working" time="0.262"/>
  <system-out/>
</testsuite> <!-- youtubeYT.tests.SearchPage_YT -->
