<?xml version="1.0" encoding="UTF-8"?>
<!-- Generated by org.testng.reporters.JUnitReportReporter -->
<testsuite hostname="QT-INNO-LT0982" failures="0" tests="2" name="PlayStore.tests.GamesPageTest" time="3.081" errors="0" timestamp="2023-01-22T21:48:42 IST" skipped="0">
  <testcase classname="PlayStore.tests.GamesPageTest" name="Test01_Launch_application" time="2.820"/>
  <system-out/>
  <testcase classname="PlayStore.tests.GamesPageTest" name="Test02_Verfiy_Popular_All_Tab_is_present" time="0.261"/>
  <system-out/>
</testsuite> <!-- PlayStore.tests.GamesPageTest -->
