<?xml version="1.0" encoding="UTF-8"?>
<!-- Generated by org.testng.reporters.JUnitReportReporter -->
<testsuite hostname="QT-INNO-LT0982" failures="0" tests="3" name="youtubeYT.tests.GamesPageTest" time="12.173" errors="0" timestamp="2023-01-31T16:59:21 IST" skipped="0">
  <testcase classname="youtubeYT.tests.GamesPageTest" name="Test01_Launch_application" time="11.867"/>
  <system-out/>
  <testcase classname="youtubeYT.tests.GamesPageTest" name="Test03_Verify_search_bar_is_present" time="0.074"/>
  <system-out/>
  <testcase classname="youtubeYT.tests.GamesPageTest" name="Test02_Verfiy_Music_Tab_Hor_menu_is_present" time="0.232"/>
  <system-out/>
</testsuite> <!-- youtubeYT.tests.GamesPageTest -->
