<?xml version="1.0" encoding="UTF-8"?>
<!-- Generated by org.testng.reporters.JUnitReportReporter -->
<testsuite hostname="QT-INNO-LT0982" failures="0" tests="2" name="youtubeYT.tests.HomePage_YT" time="9.540" errors="0" timestamp="2023-01-31T18:23:09 IST" skipped="0">
  <testcase classname="youtubeYT.tests.HomePage_YT" name="Test02_Verfiy_Music_Tab_Hor_menu_is_present" time="0.118"/>
  <system-out/>
  <testcase classname="youtubeYT.tests.HomePage_YT" name="Test01_Launch_application" time="9.422"/>
  <system-out/>
</testsuite> <!-- youtubeYT.tests.HomePage_YT -->
